<?xml version="1.0" encoding="UTF-8"?>
<testsuite xmlns:xsi="http://www.w3.org/2001/XMLSchema-instance" xsi:noNamespaceSchemaLocation="https://maven.apache.org/surefire/maven-surefire-plugin/xsd/surefire-test-report.xsd" name="kartik.AppTest" time="20.988" tests="3" errors="1" skipped="0" failures="0">
  <properties>
[...]
</properties>
  <testcase name="shouldAnswerWithTrue" classname="kartik.AppTest" time="0.003"/>
  <testcase name="kk" classname="kartik.AppTest" time="0"/>
  <testcase name="testSelenium" classname="kartik.AppTest" time="20.926">
    <error message="Timed out waiting for driver server to start.&#10;Build info: version: &apos;3.14.0&apos;, revision: &apos;aacccce0&apos;, time: &apos;2018-08-02T20:19:58.91Z&apos;&#10;System info: host: &apos;DESKTOP-EOFSMQU&apos;, ip: &apos;192.168.1.8&apos;, os.name: &apos;Windows 10&apos;, os.arch: &apos;amd64&apos;, os.version: &apos;10.0&apos;, java.version: &apos;1.8.0_181&apos;&#10;Driver info: driver.version: ChromeDriver" type="org.openqa.selenium.WebDriverException">org.openqa.selenium.WebDriverException: 
Timed out waiting for driver server to start.
Build info: version: '3.14.0', revision: 'aacccce0', time: '2018-08-02T20:19:58.91Z'
System info: host: 'DESKTOP-EOFSMQU', ip: '192.168.1.8', os.name: 'Windows 10', os.arch: 'amd64', os.version: '10.0', java.version: '1.8.0_181'
Driver info: driver.version: ChromeDriver
	at kartik.AppTest.testSelenium(AppTest.java:34)
Caused by: org.openqa.selenium.net.UrlChecker$TimeoutException: Timed out waiting for [http://localhost:29484/status] to be available after 20033 ms
	at kartik.AppTest.testSelenium(AppTest.java:34)
Caused by: java.util.concurrent.TimeoutException
	at kartik.AppTest.testSelenium(AppTest.java:34)
</error>
    <system-err><![CDATA[[4748:10120:1006/130335.603:ERROR:cache_util_win.cc(19)] Unable to move the cache: 5
[4748:10120:1006/130335.603:ERROR:cache_util.cc(140)] Unable to move cache folder C:\Users\Karti\AppData\Local\Google\Chrome\User Data\ShaderCache\GPUCache to C:\Users\Karti\AppData\Local\Google\Chrome\User Data\ShaderCache\old_GPUCache_000
[4748:10120:1006/130335.603:ERROR:disk_cache.cc(168)] Unable to create cache
[4748:10120:1006/130335.603:ERROR:shader_disk_cache.cc(620)] Shader Cache Creation failed: -2
Created new window in existing browser session.
]]></system-err>
  </testcase>
</testsuite>